<?xml version="1.0" encoding="UTF-8"?>
<!-- Generated by org.testng.reporters.JUnitReportReporter -->
<testsuite hostname="Abhishek" failures="0" tests="1" name="testcases.LoginTestCases" time="5.220" errors="0" timestamp="2024-04-06T12:37:53 IST" skipped="0">
  <testcase classname="testcases.LoginTestCases" name="ValidLoginTest" time="5.220"/>
  <system-out/>
</testsuite> <!-- testcases.LoginTestCases -->
