<?xml version="1.0" encoding="UTF-8"?>
<!-- Generated by org.testng.reporters.JUnitReportReporter -->
<testsuite hostname="Abhishek" failures="0" tests="2" name="testcases.RegisterTestCases" time="4.510" errors="0" timestamp="2024-04-06T12:37:54 IST" skipped="0">
  <testcase classname="testcases.RegisterTestCases" name="verifyRegisterationWithInValidData" time="1.621"/>
  <system-out/>
  <testcase classname="testcases.RegisterTestCases" name="verifyRegisterationWithBlankData" time="2.889"/>
  <system-out/>
</testsuite> <!-- testcases.RegisterTestCases -->
